Start testing: Jan 11 03:34 W. Europe Standard Time
----------------------------------------------------------
Test not available without configuration.  (Missing "-C <config>"?)
1/1 Testing: UnitTests
1/1 Test: UnitTests
Command: "NOT_AVAILABLE"
Directory: C:/Users/denko/Claude/DAFX_2_Daisy_lib/build/tests
"UnitTests" start time: 
Output:
----------------------------------------------------------
<end of output>
Test time =   0.00 sec
----------------------------------------------------------
Test Passed.
"UnitTests" end time: Jan 11 03:34 W. Europe Standard Time
"UnitTests" time elapsed: 00:00:00
----------------------------------------------------------

End testing: Jan 11 03:34 W. Europe Standard Time
